[debug] [2021-06-15T06:50:19.900Z] ----------------------------------------------------------------------
[debug] [2021-06-15T06:50:19.903Z] Command:       C:\Program Files\nodejs\node.exe C:\Users\Acer\AppData\Roaming\npm\node_modules\firebase-tools\lib\bin\firebase.js deploy
[debug] [2021-06-15T06:50:19.903Z] CLI Version:   9.10.0
[debug] [2021-06-15T06:50:19.903Z] Platform:      win32
[debug] [2021-06-15T06:50:19.903Z] Node Version:  v14.15.5
[debug] [2021-06-15T06:50:19.905Z] Time:          Tue Jun 15 2021 12:20:19 GMT+0530 (India Standard Time)
[debug] [2021-06-15T06:50:19.905Z] ----------------------------------------------------------------------
[debug] 
[debug] [2021-06-15T06:50:19.915Z] > command requires scopes: ["email","openid","https://www.googleapis.com/auth/cloudplatformprojects.readonly","https://www.googleapis.com/auth/firebase","https://www.googleapis.com/auth/cloud-platform"]
[debug] [2021-06-15T06:50:19.915Z] > authorizing via signed-in user (admin@doksinternational.com)
[debug] [2021-06-15T06:50:19.915Z] [iam] checking project doks-webapp for permissions ["firebase.projects.get","firebasehosting.sites.update"]
[debug] [2021-06-15T06:50:19.917Z] > refreshing access token with scopes: ["email","https://www.googleapis.com/auth/cloud-platform","https://www.googleapis.com/auth/cloudplatformprojects.readonly","https://www.googleapis.com/auth/firebase","openid"]
[debug] [2021-06-15T06:50:19.918Z] >>> HTTP REQUEST POST https://www.googleapis.com/oauth2/v3/token  
 <request body omitted>
[debug] [2021-06-15T06:50:20.196Z] <<< HTTP RESPONSE 200 {"pragma":"no-cache","cache-control":"no-cache, no-store, max-age=0, must-revalidate","expires":"Mon, 01 Jan 1990 00:00:00 GMT","date":"Tue, 15 Jun 2021 06:50:19 GMT","content-type":"application/json; charset=utf-8","vary":"X-Origin, Referer, Origin,Accept-Encoding","server":"scaffolding on HTTPServer2","x-xss-protection":"0","x-frame-options":"SAMEORIGIN","x-content-type-options":"nosniff","alt-svc":"h3=\":443\"; ma=2592000,h3-29=\":443\"; ma=2592000,h3-T051=\":443\"; ma=2592000,h3-Q050=\":443\"; ma=2592000,h3-Q046=\":443\"; ma=2592000,h3-Q043=\":443\"; ma=2592000,quic=\":443\"; ma=2592000; v=\"46,43\"","accept-ranges":"none","transfer-encoding":"chunked"}
[debug] [2021-06-15T06:50:20.291Z] >>> HTTP REQUEST POST https://cloudresourcemanager.googleapis.com/v1/projects/doks-webapp:testIamPermissions  
 {"permissions":["firebase.projects.get","firebasehosting.sites.update"]}
[debug] [2021-06-15T06:50:22.686Z] <<< HTTP RESPONSE 200 {"content-type":"application/json; charset=UTF-8","vary":"X-Origin, Referer, Origin,Accept-Encoding","date":"Tue, 15 Jun 2021 06:50:22 GMT","server":"ESF","cache-control":"private","x-xss-protection":"0","x-frame-options":"SAMEORIGIN","x-content-type-options":"nosniff","server-timing":"gfet4t7; dur=1092","alt-svc":"h3=\":443\"; ma=2592000,h3-29=\":443\"; ma=2592000,h3-T051=\":443\"; ma=2592000,h3-Q050=\":443\"; ma=2592000,h3-Q046=\":443\"; ma=2592000,h3-Q043=\":443\"; ma=2592000,quic=\":443\"; ma=2592000; v=\"46,43\"","accept-ranges":"none","transfer-encoding":"chunked"}
[debug] [2021-06-15T06:50:22.688Z] [iam] error while checking permissions, command may fail: FirebaseError: Authorization failed. This account is missing the following required permissions on project doks-webapp:

  firebase.projects.get
  firebasehosting.sites.update
[debug] [2021-06-15T06:50:22.692Z] > refreshing access token with scopes: []
[debug] [2021-06-15T06:50:22.692Z] >>> HTTP REQUEST POST https://www.googleapis.com/oauth2/v3/token  
 <request body omitted>
[debug] [2021-06-15T06:50:22.922Z] <<< HTTP RESPONSE 200 {"cache-control":"no-cache, no-store, max-age=0, must-revalidate","expires":"Mon, 01 Jan 1990 00:00:00 GMT","pragma":"no-cache","date":"Tue, 15 Jun 2021 06:50:22 GMT","content-type":"application/json; charset=utf-8","vary":"X-Origin, Referer, Origin,Accept-Encoding","server":"scaffolding on HTTPServer2","x-xss-protection":"0","x-frame-options":"SAMEORIGIN","x-content-type-options":"nosniff","alt-svc":"h3=\":443\"; ma=2592000,h3-29=\":443\"; ma=2592000,h3-T051=\":443\"; ma=2592000,h3-Q050=\":443\"; ma=2592000,h3-Q046=\":443\"; ma=2592000,h3-Q043=\":443\"; ma=2592000,quic=\":443\"; ma=2592000; v=\"46,43\"","accept-ranges":"none","transfer-encoding":"chunked"}
[debug] [2021-06-15T06:50:22.998Z] >>> [apiv2][query] GET https://firebase.googleapis.com/v1beta1/projects/doks-webapp [none]
[debug] [2021-06-15T06:50:23.574Z] <<< [apiv2][status] GET https://firebase.googleapis.com/v1beta1/projects/doks-webapp 403
[debug] [2021-06-15T06:50:23.575Z] <<< [apiv2][body] GET https://firebase.googleapis.com/v1beta1/projects/doks-webapp {"error":{"code":403,"message":"The caller does not have permission","status":"PERMISSION_DENIED"}}
[debug] [2021-06-15T06:50:23.576Z] HTTP Error: 403, The caller does not have permission
[debug] [2021-06-15T06:50:23.796Z] FirebaseError: HTTP Error: 403, The caller does not have permission
    at module.exports (C:\Users\Acer\AppData\Roaming\npm\node_modules\firebase-tools\lib\responseToError.js:38:12)
    at Client.doRequest (C:\Users\Acer\AppData\Roaming\npm\node_modules\firebase-tools\lib\apiv2.js:238:23)
    at processTicksAndRejections (internal/process/task_queues.js:93:5)
    at async Client.request (C:\Users\Acer\AppData\Roaming\npm\node_modules\firebase-tools\lib\apiv2.js:96:20)
    at async Object.getFirebaseProject (C:\Users\Acer\AppData\Roaming\npm\node_modules\firebase-tools\lib\management\projects.js:290:21)
    at async Object.getDefaultHostingSite (C:\Users\Acer\AppData\Roaming\npm\node_modules\firebase-tools\lib\getDefaultHostingSite.js:8:21)
    at async requireHostingSite (C:\Users\Acer\AppData\Roaming\npm\node_modules\firebase-tools\lib\requireHostingSite.js:9:18)
    at async Object.fn (C:\Users\Acer\AppData\Roaming\npm\node_modules\firebase-tools\lib\commands\deploy.js:66:9)
    at async C:\Users\Acer\AppData\Roaming\npm\node_modules\firebase-tools\lib\command.js:169:17
[error] 
[error] Error: Failed to get Firebase project doks-webapp. Please make sure the project exists and your account has permission to access it.
